Arguments: 
  /usr/local/bin/node /usr/local/bin/yarn install

PATH: 
  /usr/local/opt/node@16/bin:/opt/homebrew/bin:/opt/homebrew/sbin:/usr/local/bin:/System/Cryptexes/App/usr/bin:/usr/bin:/bin:/usr/sbin:/sbin

Yarn version: 
  1.22.19

Node version: 
  18.13.0

Platform: 
  darwin arm64

Trace: 
  SyntaxError: /Users/hagahayato/test/package.json: Unexpected token r in JSON at position 295
      at JSON.parse (<anonymous>)
      at /usr/local/lib/node_modules/yarn/lib/cli.js:1629:59
      at Generator.next (<anonymous>)
      at step (/usr/local/lib/node_modules/yarn/lib/cli.js:310:30)
      at /usr/local/lib/node_modules/yarn/lib/cli.js:321:13

npm manifest: 
  {
    "name": "test",
    "version": "1.0.0",
    "description": "",
    "main": "index.js",
    "directories": {
      "test": "test"
    },
    "scripts": {
      "test": "echo \"Error: no test specified\" && exit 1"
    },
    "author": "",
    "license": "ISC",
    "dependencies": {
      "typescript": "^4.9.5"
    }
  }
  rmdir -r node_modules

yarn manifest: 
  No manifest

Lockfile: 
  No lockfile
